[2020-03-02T14:12:10.161631+01:00] logger.INFO: ZEZERK [] []
[2020-03-02T14:12:13.732292+01:00] logger.INFO: yo [] []
[2020-03-02T14:16:13.878053+01:00] logger.INFO: yo [] []
[2020-03-02T14:18:00.784711+01:00] logger.INFO: yo [] []
[2020-03-02T14:18:10.095058+01:00] logger.INFO: test [] []
[2020-03-02T14:18:24.885947+01:00] logger.INFO: ELA MAKKER GIJ DURFT NOG AL [] []
[2020-03-02T14:24:17.383584+01:00] logger.INFO: nog is test [] []
[2020-03-02T14:24:29.729757+01:00] logger.INFO: Ah zo zit da [] []
[2020-03-02T14:24:35.030176+01:00] logger.INFO: Ma wa als ik dit doe? [] []
[2020-03-02T14:53:16.804013+01:00] infoLogger.INFO: YO [] []
[2020-03-02T14:53:16.804013+01:00] infoLogger.INFO: YO [] []
[2020-03-02T14:53:21.486642+01:00] infoLogger.INFO: LUL [] []
[2020-03-02T14:53:21.486642+01:00] infoLogger.INFO: LUL [] []
[2020-03-02T14:53:25.984141+01:00] infoLogger.INFO: azduhiadazd [] []
[2020-03-02T14:53:25.984141+01:00] infoLogger.INFO: azduhiadazd [] []
[2020-03-02T14:55:24.205848+01:00] infoLogger.INFO: azduhiadazd [] []
[2020-03-02T15:14:54.119065+01:00] Logger.DEBUG: azduhiadazd [] []
[2020-03-02T15:14:54.119496+01:00] Logger.INFO: azduhiadazd [] []
[2020-03-02T15:14:54.119496+01:00] Logger.INFO: azduhiadazd [] []
[2020-03-02T15:14:54.119873+01:00] Logger.NOTICE: azduhiadazd [] []
[2020-03-02T15:14:54.119873+01:00] Logger.NOTICE: azduhiadazd [] []
[2020-03-02T15:14:54.119873+01:00] Logger.NOTICE: azduhiadazd [] []
[2020-03-02T15:14:54.120350+01:00] Logger.WARNING: azduhiadazd [] []
[2020-03-02T15:14:54.120350+01:00] Logger.WARNING: azduhiadazd [] []
[2020-03-02T15:14:54.120350+01:00] Logger.WARNING: azduhiadazd [] []
[2020-03-02T15:14:54.120901+01:00] Logger.ERROR: azduhiadazd [] []
[2020-03-02T15:14:54.120901+01:00] Logger.ERROR: azduhiadazd [] []
[2020-03-02T15:14:54.120901+01:00] Logger.ERROR: azduhiadazd [] []
[2020-03-02T15:14:54.121489+01:00] Logger.CRITICAL: azduhiadazd [] []
[2020-03-02T15:14:54.121489+01:00] Logger.CRITICAL: azduhiadazd [] []
[2020-03-02T15:14:54.121489+01:00] Logger.CRITICAL: azduhiadazd [] []
[2020-03-02T15:14:54.122155+01:00] Logger.ALERT: azduhiadazd [] []
[2020-03-02T15:14:54.122155+01:00] Logger.ALERT: azduhiadazd [] []
[2020-03-02T15:14:54.122155+01:00] Logger.ALERT: azduhiadazd [] []
[2020-03-02T15:14:54.122910+01:00] Logger.EMERGENCY: azduhiadazd [] []
[2020-03-02T15:14:54.122910+01:00] Logger.EMERGENCY: azduhiadazd [] []
[2020-03-02T15:14:54.122910+01:00] Logger.EMERGENCY: azduhiadazd [] []
[2020-03-02T15:31:36.565332+01:00] Logger.DEBUG: test [] []
[2020-03-02T15:31:36.566008+01:00] Logger.INFO: test [] []
[2020-03-02T15:31:36.566008+01:00] Logger.INFO: test [] []
[2020-03-02T15:31:36.566530+01:00] Logger.NOTICE: test [] []
[2020-03-02T15:31:36.566530+01:00] Logger.NOTICE: test [] []
[2020-03-02T15:31:36.566530+01:00] Logger.NOTICE: test [] []
[2020-03-02T15:31:36.567141+01:00] Logger.WARNING: test [] []
[2020-03-02T15:31:36.567141+01:00] Logger.WARNING: test [] []
[2020-03-02T15:31:36.567141+01:00] Logger.WARNING: test [] []
[2020-03-02T15:31:36.567853+01:00] Logger.ERROR: test [] []
[2020-03-02T15:31:36.567853+01:00] Logger.ERROR: test [] []
[2020-03-02T15:31:36.567853+01:00] Logger.ERROR: test [] []
[2020-03-02T15:31:36.568991+01:00] Logger.CRITICAL: test [] []
[2020-03-02T15:31:36.568991+01:00] Logger.CRITICAL: test [] []
[2020-03-02T15:31:36.568991+01:00] Logger.CRITICAL: test [] []
[2020-03-02T15:31:36.570879+01:00] Logger.ALERT: test [] []
[2020-03-02T15:31:36.570879+01:00] Logger.ALERT: test [] []
[2020-03-02T15:31:36.570879+01:00] Logger.ALERT: test [] []
[2020-03-02T15:31:36.571912+01:00] Logger.EMERGENCY: test [] []
[2020-03-02T15:31:36.571912+01:00] Logger.EMERGENCY: test [] []
[2020-03-02T15:31:36.571912+01:00] Logger.EMERGENCY: test [] []
[2020-03-02T15:33:00.866541+01:00] Logger.DEBUG: test [] []
[2020-03-02T15:36:21.388838+01:00] Logger.DEBUG: d [] []
[2020-03-02T15:36:23.883738+01:00] Logger.INFO: d [] []
[2020-03-02T15:36:44.013450+01:00] Logger.INFO: d [] []
[2020-03-02T15:36:44.826494+01:00] Logger.INFO: d [] []
[2020-03-02T15:37:06.820999+01:00] Logger.INFO: d [] []
