[2020-03-02T11:59:22.861138+01:00] test.INFO:  [] []
[2020-03-02T12:09:56.787314+01:00] test.INFO:  [] []
[2020-03-02T12:20:55.624213+01:00] test.INFO:  [] []
[2020-03-02T12:25:17.390204+01:00] test.INFO: ZEZERK [] []
[2020-03-02T15:14:54.120350+01:00] Logger.WARNING: azduhiadazd [] []
[2020-03-02T15:14:54.120901+01:00] Logger.ERROR: azduhiadazd [] []
[2020-03-02T15:14:54.120901+01:00] Logger.ERROR: azduhiadazd [] []
[2020-03-02T15:14:54.121489+01:00] Logger.CRITICAL: azduhiadazd [] []
[2020-03-02T15:14:54.121489+01:00] Logger.CRITICAL: azduhiadazd [] []
[2020-03-02T15:14:54.121489+01:00] Logger.CRITICAL: azduhiadazd [] []
[2020-03-02T15:14:54.122155+01:00] Logger.ALERT: azduhiadazd [] []
[2020-03-02T15:14:54.122155+01:00] Logger.ALERT: azduhiadazd [] []
[2020-03-02T15:14:54.122155+01:00] Logger.ALERT: azduhiadazd [] []
[2020-03-02T15:14:54.122155+01:00] Logger.ALERT: azduhiadazd [] []
[2020-03-02T15:14:54.122910+01:00] Logger.EMERGENCY: azduhiadazd [] []
[2020-03-02T15:14:54.122910+01:00] Logger.EMERGENCY: azduhiadazd [] []
[2020-03-02T15:14:54.122910+01:00] Logger.EMERGENCY: azduhiadazd [] []
[2020-03-02T15:14:54.122910+01:00] Logger.EMERGENCY: azduhiadazd [] []
[2020-03-02T15:30:23.929036+01:00] Logger.WARNING: test [] []
[2020-03-02T15:30:23.929470+01:00] Logger.ERROR: test [] []
[2020-03-02T15:30:23.929470+01:00] Logger.ERROR: test [] []
[2020-03-02T15:30:23.929738+01:00] Logger.CRITICAL: test [] []
[2020-03-02T15:30:23.929738+01:00] Logger.CRITICAL: test [] []
[2020-03-02T15:30:23.929738+01:00] Logger.CRITICAL: test [] []
[2020-03-02T15:30:23.930106+01:00] Logger.ALERT: test [] []
[2020-03-02T15:30:23.930106+01:00] Logger.ALERT: test [] []
[2020-03-02T15:30:23.930106+01:00] Logger.ALERT: test [] []
[2020-03-02T15:30:23.930106+01:00] Logger.ALERT: test [] []
[2020-03-02T15:30:23.930551+01:00] Logger.EMERGENCY: test [] []
[2020-03-02T15:30:23.930551+01:00] Logger.EMERGENCY: test [] []
[2020-03-02T15:30:23.930551+01:00] Logger.EMERGENCY: test [] []
[2020-03-02T15:30:23.930551+01:00] Logger.EMERGENCY: test [] []
[2020-03-02T15:31:23.462650+01:00] Logger.WARNING: test [] []
[2020-03-02T15:31:23.463126+01:00] Logger.ERROR: test [] []
[2020-03-02T15:31:23.463126+01:00] Logger.ERROR: test [] []
[2020-03-02T15:31:23.463512+01:00] Logger.CRITICAL: test [] []
[2020-03-02T15:31:23.463512+01:00] Logger.CRITICAL: test [] []
[2020-03-02T15:31:23.463512+01:00] Logger.CRITICAL: test [] []
[2020-03-02T15:31:23.464015+01:00] Logger.ALERT: test [] []
[2020-03-02T15:31:23.464015+01:00] Logger.ALERT: test [] []
[2020-03-02T15:31:23.464015+01:00] Logger.ALERT: test [] []
[2020-03-02T15:31:23.464015+01:00] Logger.ALERT: test [] []
[2020-03-02T15:31:23.464647+01:00] Logger.EMERGENCY: test [] []
[2020-03-02T15:31:23.464647+01:00] Logger.EMERGENCY: test [] []
[2020-03-02T15:31:23.464647+01:00] Logger.EMERGENCY: test [] []
[2020-03-02T15:31:23.464647+01:00] Logger.EMERGENCY: test [] []
[2020-03-02T15:31:36.567141+01:00] Logger.WARNING: test [] []
[2020-03-02T15:31:36.567853+01:00] Logger.ERROR: test [] []
[2020-03-02T15:31:36.567853+01:00] Logger.ERROR: test [] []
[2020-03-02T15:31:36.568991+01:00] Logger.CRITICAL: test [] []
[2020-03-02T15:31:36.568991+01:00] Logger.CRITICAL: test [] []
[2020-03-02T15:31:36.568991+01:00] Logger.CRITICAL: test [] []
[2020-03-02T15:31:36.570879+01:00] Logger.ALERT: test [] []
[2020-03-02T15:31:36.570879+01:00] Logger.ALERT: test [] []
[2020-03-02T15:31:36.570879+01:00] Logger.ALERT: test [] []
[2020-03-02T15:31:36.570879+01:00] Logger.ALERT: test [] []
[2020-03-02T15:31:36.571912+01:00] Logger.EMERGENCY: test [] []
[2020-03-02T15:31:36.571912+01:00] Logger.EMERGENCY: test [] []
[2020-03-02T15:31:36.571912+01:00] Logger.EMERGENCY: test [] []
[2020-03-02T15:31:36.571912+01:00] Logger.EMERGENCY: test [] []
